<?xml version="1.0" encoding="UTF-8"?>
<!-- Generated by org.testng.reporters.JUnitReportReporter -->
<testsuite hostname="PRANAY" failures="0" tests="15" name="SeleniumWebDriver.JenkinsAllureReportsTest" time="173.471" errors="0" timestamp="2026-08-12T20:11:38 IST" skipped="0">
  <testcase classname="SeleniumWebDriver.JenkinsAllureReportsTest" name="BrowserTitle" time="13.671"/>
  <testcase classname="SeleniumWebDriver.JenkinsAllureReportsTest" name="BrowserTitle1" time="8.748"/>
  <testcase classname="SeleniumWebDriver.JenkinsAllureReportsTest" name="BrowserTitle2" time="8.787"/>
  <testcase classname="SeleniumWebDriver.JenkinsAllureReportsTest" name="BrowserTitle3" time="7.491"/>
  <testcase classname="SeleniumWebDriver.JenkinsAllureReportsTest" name="BrowserTitle4" time="8.482"/>
  <testcase classname="SeleniumWebDriver.JenkinsAllureReportsTest" name="BrowserTitle5" time="8.894"/>
  <testcase classname="SeleniumWebDriver.JenkinsAllureReportsTest" name="BrowserTitle6" time="43.683"/>
  <testcase classname="SeleniumWebDriver.JenkinsAllureReportsTest" name="BrowserTitle7" time="10.211"/>
  <testcase classname="SeleniumWebDriver.JenkinsAllureReportsTest" name="BrowserTitle8" time="8.082"/>
  <testcase classname="SeleniumWebDriver.JenkinsAllureReportsTest" name="BrowserTitle9" time="8.331"/>
  <testcase classname="SeleniumWebDriver.JenkinsAllureReportsTest" name="BrowserTitle10" time="9.008"/>
  <testcase classname="SeleniumWebDriver.JenkinsAllureReportsTest" name="BrowserTitle11" time="11.056"/>
  <testcase classname="SeleniumWebDriver.JenkinsAllureReportsTest" name="BrowserTitle12" time="9.644"/>
  <testcase classname="SeleniumWebDriver.JenkinsAllureReportsTest" name="BrowserTitle13" time="8.526"/>
  <testcase classname="SeleniumWebDriver.JenkinsAllureReportsTest" name="BrowserTitle14" time="8.857"/>
</testsuite> <!-- SeleniumWebDriver.JenkinsAllureReportsTest -->
