<?xml version="1.0" encoding="UTF-8"?>
<testng-results ignored="0" total="1" passed="1" failed="0" skipped="0">
  <reporter-output>
  </reporter-output>
  <suite started-at="2026-08-13T15:52:50 IST" name="Default suite" finished-at="2026-08-13T15:53:59 IST" duration-ms="69319">
    <groups>
    </groups>
    <test started-at="2026-08-13T15:52:50 IST" name="Default test" finished-at="2026-08-13T15:53:59 IST" duration-ms="69319">
      <class name="SeleniumWebDriver.DataDrivenTestUsingCSV">
        <test-method is-config="true" signature="setUp()[pri:0, instance:SeleniumWebDriver.DataDrivenTestUsingCSV@54d9d12d]" started-at="2026-08-13T15:52:50 IST" name="setUp" finished-at="2026-08-13T15:52:55 IST" duration-ms="4611" status="PASS">
          <reporter-output>
          </reporter-output>
        </test-method> <!-- setUp -->
        <test-method signature="BrowserTest()[pri:0, instance:SeleniumWebDriver.DataDrivenTestUsingCSV@54d9d12d]" started-at="2026-08-13T15:52:55 IST" name="BrowserTest" finished-at="2026-08-13T15:53:59 IST" duration-ms="64378" status="PASS">
          <reporter-output>
          </reporter-output>
        </test-method> <!-- BrowserTest -->
        <test-method is-config="true" signature="tearDown()[pri:0, instance:SeleniumWebDriver.DataDrivenTestUsingCSV@54d9d12d]" started-at="2026-08-13T15:53:59 IST" name="tearDown" finished-at="2026-08-13T15:53:59 IST" duration-ms="254" status="PASS">
          <reporter-output>
          </reporter-output>
        </test-method> <!-- tearDown -->
      </class> <!-- SeleniumWebDriver.DataDrivenTestUsingCSV -->
    </test> <!-- Default test -->
  </suite> <!-- Default suite -->
</testng-results>
