<?xml version="1.0" encoding="UTF-8"?>
<testng-results ignored="3" total="4" passed="1" failed="0" skipped="0">
  <reporter-output>
  </reporter-output>
  <suite started-at="2026-08-12T09:29:59 IST" name="Default suite" finished-at="2026-08-12T09:30:21 IST" duration-ms="21732">
    <groups>
    </groups>
    <test started-at="2026-08-12T09:29:59 IST" name="Default test" finished-at="2026-08-12T09:30:21 IST" duration-ms="21732">
      <class name="SeleniumWebDriver.NavigationMethods">
        <test-method signature="NavigateDemo()[pri:0, instance:SeleniumWebDriver.NavigationMethods@1aafa419]" started-at="2026-08-12T09:29:59 IST" name="NavigateDemo" finished-at="2026-08-12T09:30:21 IST" duration-ms="21691" status="PASS">
          <reporter-output>
          </reporter-output>
        </test-method> <!-- NavigateDemo -->
      </class> <!-- SeleniumWebDriver.NavigationMethods -->
    </test> <!-- Default test -->
  </suite> <!-- Default suite -->
</testng-results>
