<?xml version="1.0" encoding="UTF-8"?>
<!-- Generated by org.testng.reporters.JUnitReportReporter -->
<testsuite hostname="PRANAY" failures="0" tests="3" name="SeleniumWebDriver.BrowserCommands" time="52.929" errors="0" timestamp="2026-08-11T14:47:54 IST" skipped="0">
  <testcase classname="SeleniumWebDriver.BrowserCommands" name="EdgeBrowserTest" time="17.100"/>
  <testcase classname="SeleniumWebDriver.BrowserCommands" name="FirefoxBrowserTest" time="23.144"/>
  <testcase classname="SeleniumWebDriver.BrowserCommands" name="ChromeBrowserTest" time="12.685"/>
</testsuite> <!-- SeleniumWebDriver.BrowserCommands -->
