<?xml version="1.0" encoding="UTF-8"?>
<testng-results ignored="0" total="3" passed="3" failed="0" skipped="0">
  <reporter-output>
  </reporter-output>
  <suite started-at="2026-08-13T14:27:16 IST" name="Suite" finished-at="2026-08-13T14:27:41 IST" duration-ms="25196">
    <groups>
    </groups>
    <test started-at="2026-08-13T14:27:16 IST" name="ChromeTest" finished-at="2026-08-13T14:27:32 IST" duration-ms="16212">
      <class name="SeleniumWebDriver.ParallelTestingDemo">
        <test-method is-config="true" signature="setUp(java.lang.String)[pri:0, instance:SeleniumWebDriver.ParallelTestingDemo@d2de489]" started-at="2026-08-13T14:27:16 IST" name="setUp" finished-at="2026-08-13T14:27:21 IST" duration-ms="5667" status="PASS">
          <params>
            <param index="0">
              <value>
                <![CDATA[Chrome]]>
              </value>
            </param>
          </params>
          <reporter-output>
          </reporter-output>
        </test-method> <!-- setUp -->
        <test-method signature="BrowserTest()[pri:0, instance:SeleniumWebDriver.ParallelTestingDemo@d2de489]" started-at="2026-08-13T14:27:22 IST" name="BrowserTest" finished-at="2026-08-13T14:27:30 IST" duration-ms="8882" status="PASS">
          <reporter-output>
          </reporter-output>
        </test-method> <!-- BrowserTest -->
        <test-method is-config="true" signature="tearDown()[pri:0, instance:SeleniumWebDriver.ParallelTestingDemo@d2de489]" started-at="2026-08-13T14:27:31 IST" name="tearDown" finished-at="2026-08-13T14:27:32 IST" duration-ms="804" status="PASS">
          <reporter-output>
          </reporter-output>
        </test-method> <!-- tearDown -->
      </class> <!-- SeleniumWebDriver.ParallelTestingDemo -->
    </test> <!-- ChromeTest -->
    <test started-at="2026-08-13T14:27:16 IST" name="Edge" finished-at="2026-08-13T14:27:32 IST" duration-ms="16159">
      <class name="SeleniumWebDriver.ParallelTestingDemo">
        <test-method is-config="true" signature="setUp(java.lang.String)[pri:0, instance:SeleniumWebDriver.ParallelTestingDemo@3e2055d6]" started-at="2026-08-13T14:27:16 IST" name="setUp" finished-at="2026-08-13T14:27:21 IST" duration-ms="5667" status="PASS">
          <params>
            <param index="0">
              <value>
                <![CDATA[Edge]]>
              </value>
            </param>
          </params>
          <reporter-output>
          </reporter-output>
        </test-method> <!-- setUp -->
        <test-method signature="BrowserTest()[pri:0, instance:SeleniumWebDriver.ParallelTestingDemo@3e2055d6]" started-at="2026-08-13T14:27:22 IST" name="BrowserTest" finished-at="2026-08-13T14:27:31 IST" duration-ms="9488" status="PASS">
          <reporter-output>
          </reporter-output>
        </test-method> <!-- BrowserTest -->
        <test-method is-config="true" signature="tearDown()[pri:0, instance:SeleniumWebDriver.ParallelTestingDemo@3e2055d6]" started-at="2026-08-13T14:27:31 IST" name="tearDown" finished-at="2026-08-13T14:27:32 IST" duration-ms="752" status="PASS">
          <reporter-output>
          </reporter-output>
        </test-method> <!-- tearDown -->
      </class> <!-- SeleniumWebDriver.ParallelTestingDemo -->
    </test> <!-- Edge -->
    <test started-at="2026-08-13T14:27:16 IST" name="FirefoxTest" finished-at="2026-08-13T14:27:41 IST" duration-ms="25196">
      <class name="SeleniumWebDriver.ParallelTestingDemo">
        <test-method is-config="true" signature="setUp(java.lang.String)[pri:0, instance:SeleniumWebDriver.ParallelTestingDemo@64b0598]" started-at="2026-08-13T14:27:16 IST" name="setUp" finished-at="2026-08-13T14:27:33 IST" duration-ms="17082" status="PASS">
          <params>
            <param index="0">
              <value>
                <![CDATA[Firefox]]>
              </value>
            </param>
          </params>
          <reporter-output>
          </reporter-output>
        </test-method> <!-- setUp -->
        <test-method signature="BrowserTest()[pri:0, instance:SeleniumWebDriver.ParallelTestingDemo@64b0598]" started-at="2026-08-13T14:27:33 IST" name="BrowserTest" finished-at="2026-08-13T14:27:40 IST" duration-ms="7214" status="PASS">
          <reporter-output>
          </reporter-output>
        </test-method> <!-- BrowserTest -->
        <test-method is-config="true" signature="tearDown()[pri:0, instance:SeleniumWebDriver.ParallelTestingDemo@64b0598]" started-at="2026-08-13T14:27:40 IST" name="tearDown" finished-at="2026-08-13T14:27:41 IST" duration-ms="874" status="PASS">
          <reporter-output>
          </reporter-output>
        </test-method> <!-- tearDown -->
      </class> <!-- SeleniumWebDriver.ParallelTestingDemo -->
    </test> <!-- FirefoxTest -->
  </suite> <!-- Suite -->
</testng-results>
