<?xml version="1.0" encoding="UTF-8"?>
<testng-results ignored="0" total="1" passed="1" failed="0" skipped="0">
  <reporter-output>
  </reporter-output>
  <suite started-at="2026-08-17T14:56:06 IST" name="Default suite" finished-at="2026-08-17T14:56:15 IST" duration-ms="9626">
    <groups>
    </groups>
    <test started-at="2026-08-17T14:56:06 IST" name="Default test" finished-at="2026-08-17T14:56:15 IST" duration-ms="9626">
      <class name="WaitsInSeleniumWebDriver.FluentWaitSelenium">
        <test-method signature="FluentWaitTest()[pri:0, instance:WaitsInSeleniumWebDriver.FluentWaitSelenium@2ce86164]" started-at="2026-08-17T14:56:06 IST" name="FluentWaitTest" finished-at="2026-08-17T14:56:15 IST" duration-ms="9462" status="PASS">
          <reporter-output>
          </reporter-output>
        </test-method> <!-- FluentWaitTest -->
      </class> <!-- WaitsInSeleniumWebDriver.FluentWaitSelenium -->
    </test> <!-- Default test -->
  </suite> <!-- Default suite -->
</testng-results>
