<?xml version="1.0" encoding="UTF-8"?>
<!-- Generated by org.testng.reporters.JUnitXMLReporter -->
<testsuite ignored="3" hostname="PRANAY" failures="0" tests="1" name="Default test" time="21.732" errors="0" timestamp="2026-08-12T09:30:21 IST">
  <testcase classname="SeleniumWebDriver.NavigationMethods" name="NavigateDemo" time="21.691"/>
  <testcase classname="SeleniumWebDriver.NavigationMethods" name="ForwardMethod" time="0.0">
    <ignored/>
  </testcase> <!-- ForwardMethod -->
  <testcase classname="SeleniumWebDriver.NavigationMethods" name="RefreshMethod" time="0.0">
    <ignored/>
  </testcase> <!-- RefreshMethod -->
  <testcase classname="SeleniumWebDriver.NavigationMethods" name="NavigateBackDemo" time="0.0">
    <ignored/>
  </testcase> <!-- NavigateBackDemo -->
</testsuite> <!-- Default test -->
