<?xml version="1.0" encoding="UTF-8"?>
<testng-results ignored="0" total="1" passed="1" failed="0" skipped="0">
  <reporter-output>
  </reporter-output>
  <suite started-at="2026-08-13T12:48:06 IST" name="Default suite" finished-at="2026-08-13T12:48:29 IST" duration-ms="22819">
    <groups>
    </groups>
    <test started-at="2026-08-13T12:48:06 IST" name="Default test" finished-at="2026-08-13T12:48:29 IST" duration-ms="22819">
      <class name="com.ScreenShot.TestDemo.HollandandBarretScreenshot">
        <test-method is-config="true" signature="Setup()[pri:0, instance:com.ScreenShot.TestDemo.HollandandBarretScreenshot@54d9d12d]" started-at="2026-08-13T12:48:06 IST" name="Setup" finished-at="2026-08-13T12:48:13 IST" duration-ms="6460" status="PASS">
          <reporter-output>
          </reporter-output>
        </test-method> <!-- Setup -->
        <test-method signature="Screenshot()[pri:0, instance:com.ScreenShot.TestDemo.HollandandBarretScreenshot@54d9d12d]" started-at="2026-08-13T12:48:13 IST" name="Screenshot" finished-at="2026-08-13T12:48:28 IST" duration-ms="15918" status="PASS">
          <reporter-output>
          </reporter-output>
        </test-method> <!-- Screenshot -->
        <test-method is-config="true" signature="close()[pri:0, instance:com.ScreenShot.TestDemo.HollandandBarretScreenshot@54d9d12d]" started-at="2026-08-13T12:48:28 IST" name="close" finished-at="2026-08-13T12:48:29 IST" duration-ms="363" status="PASS">
          <reporter-output>
          </reporter-output>
        </test-method> <!-- close -->
      </class> <!-- com.ScreenShot.TestDemo.HollandandBarretScreenshot -->
    </test> <!-- Default test -->
  </suite> <!-- Default suite -->
</testng-results>
