<?xml version="1.0" encoding="UTF-8"?>
<!-- Generated by org.testng.reporters.JUnitReportReporter -->
<testsuite hostname="PRANAY" failures="0" tests="3" name="SeleniumWebDriver.ParallelTestingDemo" time="25.584" errors="0" timestamp="2026-08-13T14:27:41 IST" skipped="0">
  <testcase classname="SeleniumWebDriver.ParallelTestingDemo" name="BrowserTest" time="8.882"/>
  <testcase classname="SeleniumWebDriver.ParallelTestingDemo" name="BrowserTest" time="9.488"/>
  <testcase classname="SeleniumWebDriver.ParallelTestingDemo" name="BrowserTest" time="7.214"/>
</testsuite> <!-- SeleniumWebDriver.ParallelTestingDemo -->
