<?xml version="1.0" encoding="UTF-8"?>
<!-- Generated by org.testng.reporters.JUnitXMLReporter -->
<testsuite ignored="0" hostname="PRANAY" failures="0" tests="7" name="Default test" time="101.792" errors="0" timestamp="2026-08-11T19:24:02 IST">
  <testcase classname="com.CasestudiesBrowserCommands.FirefoxTest" name="BrowserTitle" time="18.367"/>
  <testcase classname="com.CasestudiesBrowserCommands.FirefoxTest" name="BrowserTitle1" time="13.35"/>
  <testcase classname="com.CasestudiesBrowserCommands.FirefoxTest" name="BrowserTitle2" time="12.315"/>
  <testcase classname="com.CasestudiesBrowserCommands.FirefoxTest" name="BrowserTitle3" time="11.223"/>
  <testcase classname="com.CasestudiesBrowserCommands.FirefoxTest" name="BrowserTitle4" time="18.768"/>
  <testcase classname="com.CasestudiesBrowserCommands.FirefoxTest" name="BrowserTitle5" time="14.291"/>
  <testcase classname="com.CasestudiesBrowserCommands.FirefoxTest" name="BrowserTitle6" time="13.4"/>
</testsuite> <!-- Default test -->
