<?xml version="1.0" encoding="UTF-8"?>
<!-- Generated by org.testng.reporters.JUnitXMLReporter -->
<testsuite ignored="0" hostname="PRANAY" failures="0" tests="3" name="Default test" time="52.992" errors="0" timestamp="2026-08-11T14:47:54 IST">
  <testcase classname="SeleniumWebDriver.BrowserCommands" name="EdgeBrowserTest" time="17.1"/>
  <testcase classname="SeleniumWebDriver.BrowserCommands" name="FirefoxBrowserTest" time="23.144"/>
  <testcase classname="SeleniumWebDriver.BrowserCommands" name="ChromeBrowserTest" time="12.685"/>
</testsuite> <!-- Default test -->
