<?xml version="1.0" encoding="UTF-8"?>
<testng-results ignored="0" total="1" passed="1" failed="0" skipped="0">
  <reporter-output>
  </reporter-output>
  <suite started-at="2026-08-17T11:43:41 IST" name="Default suite" finished-at="2026-08-17T11:43:41 IST" duration-ms="142">
    <groups>
    </groups>
    <test started-at="2026-08-17T11:43:41 IST" name="Default test" finished-at="2026-08-17T11:43:41 IST" duration-ms="142">
      <class name="SeleniumWebDriver.SeleniumWebDriverMultipleFrames">
        <test-method signature="MultipleFramesDemo()[pri:0, instance:SeleniumWebDriver.SeleniumWebDriverMultipleFrames@1f6c9cd8]" started-at="2026-08-17T11:43:41 IST" name="MultipleFramesDemo" finished-at="2026-08-17T11:43:41 IST" duration-ms="75" status="PASS">
          <reporter-output>
          </reporter-output>
        </test-method> <!-- MultipleFramesDemo -->
      </class> <!-- SeleniumWebDriver.SeleniumWebDriverMultipleFrames -->
    </test> <!-- Default test -->
  </suite> <!-- Default suite -->
</testng-results>
