<?xml version="1.0" encoding="UTF-8"?>
<testng-results ignored="0" total="1" passed="1" failed="0" skipped="0">
  <reporter-output>
  </reporter-output>
  <suite started-at="2026-08-13T21:42:58 IST" name="Default suite" finished-at="2026-08-13T21:43:18 IST" duration-ms="20193">
    <groups>
    </groups>
    <test started-at="2026-08-13T21:42:58 IST" name="Default test" finished-at="2026-08-13T21:43:18 IST" duration-ms="20193">
      <class name="SeleniumWebDriver.DataDrivenTestDemo">
        <test-method is-config="true" signature="setUp()[pri:0, instance:SeleniumWebDriver.DataDrivenTestDemo@45385f75]" started-at="2026-08-13T21:42:58 IST" name="setUp" finished-at="2026-08-13T21:43:07 IST" duration-ms="8821" status="PASS">
          <reporter-output>
          </reporter-output>
        </test-method> <!-- setUp -->
        <test-method signature="BrowserTest()[pri:0, instance:SeleniumWebDriver.DataDrivenTestDemo@45385f75]" started-at="2026-08-13T21:43:07 IST" name="BrowserTest" finished-at="2026-08-13T21:43:18 IST" duration-ms="10908" status="PASS">
          <reporter-output>
          </reporter-output>
        </test-method> <!-- BrowserTest -->
        <test-method is-config="true" signature="tearDown()[pri:0, instance:SeleniumWebDriver.DataDrivenTestDemo@45385f75]" started-at="2026-08-13T21:43:18 IST" name="tearDown" finished-at="2026-08-13T21:43:18 IST" duration-ms="247" status="PASS">
          <reporter-output>
          </reporter-output>
        </test-method> <!-- tearDown -->
      </class> <!-- SeleniumWebDriver.DataDrivenTestDemo -->
    </test> <!-- Default test -->
  </suite> <!-- Default suite -->
</testng-results>
