<?xml version="1.0" encoding="UTF-8"?>
<!-- Generated by org.testng.reporters.JUnitReportReporter -->
<testsuite hostname="PRANAY" failures="0" tests="7" name="com.CasestudiesBrowserCommands.ChromeTest" time="86.199" errors="0" timestamp="2026-08-11T19:17:04 IST" skipped="0">
  <testcase classname="com.CasestudiesBrowserCommands.ChromeTest" name="BrowserTitle" time="11.947"/>
  <testcase classname="com.CasestudiesBrowserCommands.ChromeTest" name="BrowserTitle1" time="8.317"/>
  <testcase classname="com.CasestudiesBrowserCommands.ChromeTest" name="BrowserTitle3" time="15.030"/>
  <testcase classname="com.CasestudiesBrowserCommands.ChromeTest" name="BrowserTitle5" time="11.794"/>
  <testcase classname="com.CasestudiesBrowserCommands.ChromeTest" name="BrowserTitle2" time="9.181"/>
  <testcase classname="com.CasestudiesBrowserCommands.ChromeTest" name="BrowserTitle4" time="9.497"/>
  <testcase classname="com.CasestudiesBrowserCommands.ChromeTest" name="BrowserTitle6" time="20.433"/>
</testsuite> <!-- com.CasestudiesBrowserCommands.ChromeTest -->
