<?xml version="1.0" encoding="UTF-8"?>
<!-- Generated by org.testng.reporters.JUnitReportReporter -->
<testsuite hostname="PRANAY" failures="0" tests="7" name="com.CasestudiesBrowserCommands.FirefoxTest" time="101.714" errors="0" timestamp="2026-08-11T19:24:02 IST" skipped="0">
  <testcase classname="com.CasestudiesBrowserCommands.FirefoxTest" name="BrowserTitle5" time="14.291"/>
  <testcase classname="com.CasestudiesBrowserCommands.FirefoxTest" name="BrowserTitle2" time="12.315"/>
  <testcase classname="com.CasestudiesBrowserCommands.FirefoxTest" name="BrowserTitle1" time="13.350"/>
  <testcase classname="com.CasestudiesBrowserCommands.FirefoxTest" name="BrowserTitle4" time="18.768"/>
  <testcase classname="com.CasestudiesBrowserCommands.FirefoxTest" name="BrowserTitle3" time="11.223"/>
  <testcase classname="com.CasestudiesBrowserCommands.FirefoxTest" name="BrowserTitle6" time="13.400"/>
  <testcase classname="com.CasestudiesBrowserCommands.FirefoxTest" name="BrowserTitle" time="18.367"/>
</testsuite> <!-- com.CasestudiesBrowserCommands.FirefoxTest -->
