<?xml version="1.0" encoding="UTF-8"?>
<!-- Generated by org.testng.reporters.JUnitReportReporter -->
<testsuite hostname="PRANAY" failures="0" tests="7" name="com.CasestudiesBrowserCommands.EdgeTest" time="116.225" errors="0" timestamp="2026-08-11T19:20:35 IST" skipped="0">
  <testcase classname="com.CasestudiesBrowserCommands.EdgeTest" name="BrowserTitle1" time="9.558"/>
  <testcase classname="com.CasestudiesBrowserCommands.EdgeTest" name="BrowserTitle3" time="7.998"/>
  <testcase classname="com.CasestudiesBrowserCommands.EdgeTest" name="BrowserTitle6" time="38.824"/>
  <testcase classname="com.CasestudiesBrowserCommands.EdgeTest" name="BrowserTitle2" time="11.449"/>
  <testcase classname="com.CasestudiesBrowserCommands.EdgeTest" name="BrowserTitle4" time="14.118"/>
  <testcase classname="com.CasestudiesBrowserCommands.EdgeTest" name="BrowserTitle5" time="12.381"/>
  <testcase classname="com.CasestudiesBrowserCommands.EdgeTest" name="BrowserTitle" time="21.897"/>
</testsuite> <!-- com.CasestudiesBrowserCommands.EdgeTest -->
